<?xml version="1.0" encoding="UTF-8"?>
<!-- Generated by org.testng.reporters.JUnitReportReporter -->
<testsuite hostname="dsd-lpt-0111" name="com.amezon.test.FirstPageTest" tests="1" failures="0" timestamp="30 Apr 2017 11:01:34 GMT" time="32.311" errors="0">
  <testcase name="testVerifyTitle" time="32.311" classname="com.amezon.test.FirstPageTest"/>
</testsuite> <!-- com.amezon.test.FirstPageTest -->
